<?xml version="1.0" encoding="UTF-8" ?>
<testsuite errors="0" skipped="0" tests="5" time="0.045" failures="0" name="ch.fhzh.jmock.gettingstarted.PublisherTest">
  <properties>
[...]
</properties>
  <testcase classname="ch.fhzh.jmock.gettingstarted.PublisherTest" time="0.011" name="jmockTemplate"/>
  <testcase classname="ch.fhzh.jmock.gettingstarted.PublisherTest" time="0.013" name="oneSubscriberReceivesAMessage"/>
  <testcase classname="ch.fhzh.jmock.gettingstarted.PublisherTest" time="0.003" name="oneSubscriberReceivesASequnce"/>
  <testcase classname="ch.fhzh.jmock.gettingstarted.PublisherTest" time="0.002" name="expectingMoreThanOnce"/>
  <testcase classname="ch.fhzh.jmock.gettingstarted.PublisherTest" time="0.004" name="usingMatchers"/>
</testsuite>